app/build/intermediates/manifest_merge_blame_file/debug/manifest-merger-blame-debug-report.txt
1<?xml version="1.0" encoding="utf-8"?>
2<manifest xmlns:android="http://schemas.android.com/apk/res/android"
3    package="com.ay.coronameter"
4    android:versionCode="1"
5    android:versionName="1.0" >
6
7    <uses-sdk
8        android:minSdkVersion="23"
8-->src\main\AndroidManifest.xml
9        android:targetSdkVersion="29" />
9-->src\main\AndroidManifest.xml
10
11    <uses-permission android:name="android.permission.INTERNET" />
11-->src\main\AndroidManifest.xml:5:5-67
11-->src\main\AndroidManifest.xml:5:22-64
12    <uses-permission android:name="android.permission.ACCESS_NETWORK_STATE" />
12-->[com.google.firebase:firebase-analytics:15.0.2] AndroidManifest.xml:24:5-79
12-->[com.google.firebase:firebase-analytics:15.0.2] AndroidManifest.xml:24:22-76
13    <uses-permission android:name="android.permission.WAKE_LOCK" />
13-->[com.google.firebase:firebase-analytics:15.0.2] AndroidManifest.xml:25:5-68
13-->[com.google.firebase:firebase-analytics:15.0.2] AndroidManifest.xml:25:22-65
14    <uses-permission android:name="com.google.android.finsky.permission.BIND_GET_INSTALL_REFERRER_SERVICE" /> <!-- Required by older versions of Google Play services to create IID tokens -->
14-->[com.google.firebase:firebase-analytics:15.0.2] AndroidManifest.xml:26:5-110
14-->[com.google.firebase:firebase-analytics:15.0.2] AndroidManifest.xml:26:22-107
15    <uses-permission android:name="com.google.android.c2dm.permission.RECEIVE" />
15-->[com.google.firebase:firebase-iid:15.1.0] AndroidManifest.xml:26:5-82
15-->[com.google.firebase:firebase-iid:15.1.0] AndroidManifest.xml:26:22-79
16
17    <permission
17-->[com.google.firebase:firebase-iid:15.1.0] AndroidManifest.xml:28:5-30:47
18        android:name="com.ay.coronameter.permission.C2D_MESSAGE"
18-->[com.google.firebase:firebase-iid:15.1.0] AndroidManifest.xml:29:9-63
19        android:protectionLevel="signature" />
19-->[com.google.firebase:firebase-iid:15.1.0] AndroidManifest.xml:30:9-44
20
21    <uses-permission android:name="com.ay.coronameter.permission.C2D_MESSAGE" />
21-->[com.google.firebase:firebase-iid:15.1.0] AndroidManifest.xml:32:5-79
21-->[com.google.firebase:firebase-iid:15.1.0] AndroidManifest.xml:32:22-76
22    <uses-permission android:name="android.permission.RECEIVE_BOOT_COMPLETED" />
22-->[androidx.work:work-runtime:2.3.4] AndroidManifest.xml:27:5-81
22-->[androidx.work:work-runtime:2.3.4] AndroidManifest.xml:27:22-78
23    <uses-permission android:name="android.permission.FOREGROUND_SERVICE" />
23-->[androidx.work:work-runtime:2.3.4] AndroidManifest.xml:28:5-77
23-->[androidx.work:work-runtime:2.3.4] AndroidManifest.xml:28:22-74
24
25    <application
25-->src\main\AndroidManifest.xml:7:5-31:19
26        android:allowBackup="true"
26-->src\main\AndroidManifest.xml:8:9-35
27        android:appComponentFactory="androidx.core.app.CoreComponentFactory"
27-->[androidx.core:core:1.2.0] AndroidManifest.xml:24:18-86
28        android:debuggable="true"
29        android:extractNativeLibs="false"
30        android:icon="@mipmap/ic_launcher"
30-->src\main\AndroidManifest.xml:9:9-43
31        android:label="@string/app_name"
31-->src\main\AndroidManifest.xml:10:9-41
32        android:roundIcon="@mipmap/ic_launcher_round"
32-->src\main\AndroidManifest.xml:11:9-54
33        android:supportsRtl="true"
33-->src\main\AndroidManifest.xml:12:9-35
34        android:testOnly="true"
35        android:theme="@style/AppTheme" >
35-->src\main\AndroidManifest.xml:13:9-40
36        <activity android:name="com.ay.coronameter.ActiveCase" />
36-->src\main\AndroidManifest.xml:14:9-57
36-->src\main\AndroidManifest.xml:14:19-45
37        <activity android:name="com.ay.coronameter.Prevention" />
37-->src\main\AndroidManifest.xml:15:9-48
37-->src\main\AndroidManifest.xml:15:19-45
38        <activity android:name="com.ay.coronameter.Oxygen" />
38-->src\main\AndroidManifest.xml:16:9-44
38-->src\main\AndroidManifest.xml:16:19-41
39        <activity android:name="com.ay.coronameter.Vaccination" />
39-->src\main\AndroidManifest.xml:17:9-49
39-->src\main\AndroidManifest.xml:17:19-46
40        <activity android:name="com.ay.coronameter.Vaccination" />
40-->src\main\AndroidManifest.xml:17:9-49
40-->src\main\AndroidManifest.xml:17:19-46
41        <activity android:name="com.ay.coronameter.oxygen" />
41-->src\main\AndroidManifest.xml:19:9-44
41-->src\main\AndroidManifest.xml:19:19-41
42        <activity android:name="com.ay.coronameter.MainActivity" >
42-->src\main\AndroidManifest.xml:20:9-26:20
42-->src\main\AndroidManifest.xml:20:19-47
43            <intent-filter>
43-->src\main\AndroidManifest.xml:21:13-25:29
44                <action android:name="android.intent.action.MAIN" />
44-->src\main\AndroidManifest.xml:22:17-69
44-->src\main\AndroidManifest.xml:22:25-66
45
46                <category android:name="android.intent.category.LAUNCHER" />
46-->src\main\AndroidManifest.xml:24:17-77
46-->src\main\AndroidManifest.xml:24:27-74
47            </intent-filter>
48        </activity>
49
50        <meta-data
50-->src\main\AndroidManifest.xml:28:9-30:57
51            android:name="preloaded_fonts"
51-->src\main\AndroidManifest.xml:29:13-43
52            android:resource="@array/preloaded_fonts" />
52-->src\main\AndroidManifest.xml:30:13-54
53
54        <receiver
54-->[com.google.firebase:firebase-analytics:15.0.2] AndroidManifest.xml:29:9-33:20
55            android:name="com.google.android.gms.measurement.AppMeasurementReceiver"
55-->[com.google.firebase:firebase-analytics:15.0.2] AndroidManifest.xml:30:13-85
56            android:enabled="true"
56-->[com.google.firebase:firebase-analytics:15.0.2] AndroidManifest.xml:31:13-35
57            android:exported="false" >
57-->[com.google.firebase:firebase-analytics:15.0.2] AndroidManifest.xml:32:13-37
58        </receiver>
59        <receiver
59-->[com.google.firebase:firebase-analytics:15.0.2] AndroidManifest.xml:34:9-42:20
60            android:name="com.google.android.gms.measurement.AppMeasurementInstallReferrerReceiver"
60-->[com.google.firebase:firebase-analytics:15.0.2] AndroidManifest.xml:35:13-100
61            android:enabled="true"
61-->[com.google.firebase:firebase-analytics:15.0.2] AndroidManifest.xml:36:13-35
62            android:exported="true"
62-->[com.google.firebase:firebase-analytics:15.0.2] AndroidManifest.xml:37:13-36
63            android:permission="android.permission.INSTALL_PACKAGES" >
63-->[com.google.firebase:firebase-analytics:15.0.2] AndroidManifest.xml:38:13-69
64            <intent-filter>
64-->[com.google.firebase:firebase-analytics:15.0.2] AndroidManifest.xml:39:13-41:29
65                <action android:name="com.android.vending.INSTALL_REFERRER" />
65-->[com.google.firebase:firebase-analytics:15.0.2] AndroidManifest.xml:40:17-79
65-->[com.google.firebase:firebase-analytics:15.0.2] AndroidManifest.xml:40:25-76
66            </intent-filter>
67        </receiver>
68
69        <service
69-->[com.google.firebase:firebase-analytics:15.0.2] AndroidManifest.xml:44:9-47:40
70            android:name="com.google.android.gms.measurement.AppMeasurementService"
70-->[com.google.firebase:firebase-analytics:15.0.2] AndroidManifest.xml:45:13-84
71            android:enabled="true"
71-->[com.google.firebase:firebase-analytics:15.0.2] AndroidManifest.xml:46:13-35
72            android:exported="false" />
72-->[com.google.firebase:firebase-analytics:15.0.2] AndroidManifest.xml:47:13-37
73        <service
73-->[com.google.firebase:firebase-analytics:15.0.2] AndroidManifest.xml:48:9-52:72
74            android:name="com.google.android.gms.measurement.AppMeasurementJobService"
74-->[com.google.firebase:firebase-analytics:15.0.2] AndroidManifest.xml:49:13-87
75            android:enabled="true"
75-->[com.google.firebase:firebase-analytics:15.0.2] AndroidManifest.xml:50:13-35
76            android:exported="false"
76-->[com.google.firebase:firebase-analytics:15.0.2] AndroidManifest.xml:51:13-37
77            android:permission="android.permission.BIND_JOB_SERVICE" />
77-->[com.google.firebase:firebase-analytics:15.0.2] AndroidManifest.xml:52:13-69
78        <service android:name="com.google.firebase.components.ComponentDiscoveryService" >
78-->[com.google.firebase:firebase-iid:15.1.0] AndroidManifest.xml:35:9-39:19
78-->[com.google.firebase:firebase-iid:15.1.0] AndroidManifest.xml:35:18-89
79            <meta-data
79-->[com.google.firebase:firebase-iid:15.1.0] AndroidManifest.xml:36:13-38:85
80                android:name="com.google.firebase.components:com.google.firebase.iid.Registrar"
80-->[com.google.firebase:firebase-iid:15.1.0] AndroidManifest.xml:37:17-96
81                android:value="com.google.firebase.components.ComponentRegistrar" />
81-->[com.google.firebase:firebase-iid:15.1.0] AndroidManifest.xml:38:17-82
82        </service>
83
84        <receiver
84-->[com.google.firebase:firebase-iid:15.1.0] AndroidManifest.xml:41:9-50:20
85            android:name="com.google.firebase.iid.FirebaseInstanceIdReceiver"
85-->[com.google.firebase:firebase-iid:15.1.0] AndroidManifest.xml:42:13-78
86            android:exported="true"
86-->[com.google.firebase:firebase-iid:15.1.0] AndroidManifest.xml:43:13-36
87            android:permission="com.google.android.c2dm.permission.SEND" >
87-->[com.google.firebase:firebase-iid:15.1.0] AndroidManifest.xml:44:13-73
88            <intent-filter>
88-->[com.google.firebase:firebase-iid:15.1.0] AndroidManifest.xml:45:13-49:29
89                <action android:name="com.google.android.c2dm.intent.RECEIVE" />
89-->[com.google.firebase:firebase-iid:15.1.0] AndroidManifest.xml:46:17-81
89-->[com.google.firebase:firebase-iid:15.1.0] AndroidManifest.xml:46:25-78
90
91                <category android:name="com.ay.coronameter" />
91-->[com.google.firebase:firebase-iid:15.1.0] AndroidManifest.xml:48:17-61
91-->[com.google.firebase:firebase-iid:15.1.0] AndroidManifest.xml:48:27-58
92            </intent-filter>
93        </receiver>
94        <!--
95             FirebaseInstanceIdService performs security checks at runtime,
96             no need for explicit permissions despite exported="true"
97        -->
98        <service
98-->[com.google.firebase:firebase-iid:15.1.0] AndroidManifest.xml:56:9-62:19
99            android:name="com.google.firebase.iid.FirebaseInstanceIdService"
99-->[com.google.firebase:firebase-iid:15.1.0] AndroidManifest.xml:57:13-77
100            android:exported="true" >
100-->[com.google.firebase:firebase-iid:15.1.0] AndroidManifest.xml:58:13-36
101            <intent-filter android:priority="-500" >
101-->[com.google.firebase:firebase-iid:15.1.0] AndroidManifest.xml:59:13-61:29
101-->[com.google.firebase:firebase-iid:15.1.0] AndroidManifest.xml:59:28-51
102                <action android:name="com.google.firebase.INSTANCE_ID_EVENT" />
102-->[com.google.firebase:firebase-iid:15.1.0] AndroidManifest.xml:60:17-80
102-->[com.google.firebase:firebase-iid:15.1.0] AndroidManifest.xml:60:25-77
103            </intent-filter>
104        </service>
105
106        <provider
106-->[com.google.firebase:firebase-common:15.0.1] AndroidManifest.xml:8:9-12:39
107            android:name="com.google.firebase.provider.FirebaseInitProvider"
107-->[com.google.firebase:firebase-common:15.0.1] AndroidManifest.xml:9:13-77
108            android:authorities="com.ay.coronameter.firebaseinitprovider"
108-->[com.google.firebase:firebase-common:15.0.1] AndroidManifest.xml:10:13-72
109            android:exported="false"
109-->[com.google.firebase:firebase-common:15.0.1] AndroidManifest.xml:11:13-37
110            android:initOrder="100" />
110-->[com.google.firebase:firebase-common:15.0.1] AndroidManifest.xml:12:13-36
111
112        <activity
112-->[com.google.android.gms:play-services-base:15.0.1] AndroidManifest.xml:23:9-26:75
113            android:name="com.google.android.gms.common.api.GoogleApiActivity"
113-->[com.google.android.gms:play-services-base:15.0.1] AndroidManifest.xml:24:13-79
114            android:exported="false"
114-->[com.google.android.gms:play-services-base:15.0.1] AndroidManifest.xml:25:13-37
115            android:theme="@android:style/Theme.Translucent.NoTitleBar" />
115-->[com.google.android.gms:play-services-base:15.0.1] AndroidManifest.xml:26:13-72
116
117        <meta-data
117-->[com.google.android.gms:play-services-basement:15.0.1] AndroidManifest.xml:23:9-25:69
118            android:name="com.google.android.gms.version"
118-->[com.google.android.gms:play-services-basement:15.0.1] AndroidManifest.xml:24:13-58
119            android:value="@integer/google_play_services_version" />
119-->[com.google.android.gms:play-services-basement:15.0.1] AndroidManifest.xml:25:13-66
120
121        <provider
121-->[androidx.work:work-runtime:2.3.4] AndroidManifest.xml:31:9-37:35
122            android:name="androidx.work.impl.WorkManagerInitializer"
122-->[androidx.work:work-runtime:2.3.4] AndroidManifest.xml:32:13-69
123            android:authorities="com.ay.coronameter.workmanager-init"
123-->[androidx.work:work-runtime:2.3.4] AndroidManifest.xml:33:13-68
124            android:directBootAware="false"
124-->[androidx.work:work-runtime:2.3.4] AndroidManifest.xml:34:13-44
125            android:exported="false"
125-->[androidx.work:work-runtime:2.3.4] AndroidManifest.xml:35:13-37
126            android:multiprocess="true" />
126-->[androidx.work:work-runtime:2.3.4] AndroidManifest.xml:36:13-40
127
128        <service
128-->[androidx.work:work-runtime:2.3.4] AndroidManifest.xml:39:9-44:35
129            android:name="androidx.work.impl.background.systemalarm.SystemAlarmService"
129-->[androidx.work:work-runtime:2.3.4] AndroidManifest.xml:40:13-88
130            android:directBootAware="false"
130-->[androidx.work:work-runtime:2.3.4] AndroidManifest.xml:41:13-44
131            android:enabled="@bool/enable_system_alarm_service_default"
131-->[androidx.work:work-runtime:2.3.4] AndroidManifest.xml:42:13-72
132            android:exported="false" />
132-->[androidx.work:work-runtime:2.3.4] AndroidManifest.xml:43:13-37
133        <service
133-->[androidx.work:work-runtime:2.3.4] AndroidManifest.xml:45:9-51:35
134            android:name="androidx.work.impl.background.systemjob.SystemJobService"
134-->[androidx.work:work-runtime:2.3.4] AndroidManifest.xml:46:13-84
135            android:directBootAware="false"
135-->[androidx.work:work-runtime:2.3.4] AndroidManifest.xml:47:13-44
136            android:enabled="@bool/enable_system_job_service_default"
136-->[androidx.work:work-runtime:2.3.4] AndroidManifest.xml:48:13-70
137            android:exported="true"
137-->[androidx.work:work-runtime:2.3.4] AndroidManifest.xml:49:13-36
138            android:permission="android.permission.BIND_JOB_SERVICE" />
138-->[androidx.work:work-runtime:2.3.4] AndroidManifest.xml:50:13-69
139        <service
139-->[androidx.work:work-runtime:2.3.4] AndroidManifest.xml:52:9-57:35
140            android:name="androidx.work.impl.foreground.SystemForegroundService"
140-->[androidx.work:work-runtime:2.3.4] AndroidManifest.xml:53:13-81
141            android:directBootAware="false"
141-->[androidx.work:work-runtime:2.3.4] AndroidManifest.xml:54:13-44
142            android:enabled="@bool/enable_system_foreground_service_default"
142-->[androidx.work:work-runtime:2.3.4] AndroidManifest.xml:55:13-77
143            android:exported="false" />
143-->[androidx.work:work-runtime:2.3.4] AndroidManifest.xml:56:13-37
144
145        <receiver
145-->[androidx.work:work-runtime:2.3.4] AndroidManifest.xml:59:9-64:35
146            android:name="androidx.work.impl.utils.ForceStopRunnable$BroadcastReceiver"
146-->[androidx.work:work-runtime:2.3.4] AndroidManifest.xml:60:13-88
147            android:directBootAware="false"
147-->[androidx.work:work-runtime:2.3.4] AndroidManifest.xml:61:13-44
148            android:enabled="true"
148-->[androidx.work:work-runtime:2.3.4] AndroidManifest.xml:62:13-35
149            android:exported="false" />
149-->[androidx.work:work-runtime:2.3.4] AndroidManifest.xml:63:13-37
150        <receiver
150-->[androidx.work:work-runtime:2.3.4] AndroidManifest.xml:65:9-75:20
151            android:name="androidx.work.impl.background.systemalarm.ConstraintProxy$BatteryChargingProxy"
151-->[androidx.work:work-runtime:2.3.4] AndroidManifest.xml:66:13-106
152            android:directBootAware="false"
152-->[androidx.work:work-runtime:2.3.4] AndroidManifest.xml:67:13-44
153            android:enabled="false"
153-->[androidx.work:work-runtime:2.3.4] AndroidManifest.xml:68:13-36
154            android:exported="false" >
154-->[androidx.work:work-runtime:2.3.4] AndroidManifest.xml:69:13-37
155            <intent-filter>
155-->[androidx.work:work-runtime:2.3.4] AndroidManifest.xml:71:13-74:29
156                <action android:name="android.intent.action.ACTION_POWER_CONNECTED" />
156-->[androidx.work:work-runtime:2.3.4] AndroidManifest.xml:72:17-87
156-->[androidx.work:work-runtime:2.3.4] AndroidManifest.xml:72:25-84
157                <action android:name="android.intent.action.ACTION_POWER_DISCONNECTED" />
157-->[androidx.work:work-runtime:2.3.4] AndroidManifest.xml:73:17-90
157-->[androidx.work:work-runtime:2.3.4] AndroidManifest.xml:73:25-87
158            </intent-filter>
159        </receiver>
160        <receiver
160-->[androidx.work:work-runtime:2.3.4] AndroidManifest.xml:76:9-86:20
161            android:name="androidx.work.impl.background.systemalarm.ConstraintProxy$BatteryNotLowProxy"
161-->[androidx.work:work-runtime:2.3.4] AndroidManifest.xml:77:13-104
162            android:directBootAware="false"
162-->[androidx.work:work-runtime:2.3.4] AndroidManifest.xml:78:13-44
163            android:enabled="false"
163-->[androidx.work:work-runtime:2.3.4] AndroidManifest.xml:79:13-36
164            android:exported="false" >
164-->[androidx.work:work-runtime:2.3.4] AndroidManifest.xml:80:13-37
165            <intent-filter>
165-->[androidx.work:work-runtime:2.3.4] AndroidManifest.xml:82:13-85:29
166                <action android:name="android.intent.action.BATTERY_OKAY" />
166-->[androidx.work:work-runtime:2.3.4] AndroidManifest.xml:83:17-77
166-->[androidx.work:work-runtime:2.3.4] AndroidManifest.xml:83:25-74
167                <action android:name="android.intent.action.BATTERY_LOW" />
167-->[androidx.work:work-runtime:2.3.4] AndroidManifest.xml:84:17-76
167-->[androidx.work:work-runtime:2.3.4] AndroidManifest.xml:84:25-73
168            </intent-filter>
169        </receiver>
170        <receiver
170-->[androidx.work:work-runtime:2.3.4] AndroidManifest.xml:87:9-97:20
171            android:name="androidx.work.impl.background.systemalarm.ConstraintProxy$StorageNotLowProxy"
171-->[androidx.work:work-runtime:2.3.4] AndroidManifest.xml:88:13-104
172            android:directBootAware="false"
172-->[androidx.work:work-runtime:2.3.4] AndroidManifest.xml:89:13-44
173            android:enabled="false"
173-->[androidx.work:work-runtime:2.3.4] AndroidManifest.xml:90:13-36
174            android:exported="false" >
174-->[androidx.work:work-runtime:2.3.4] AndroidManifest.xml:91:13-37
175            <intent-filter>
175-->[androidx.work:work-runtime:2.3.4] AndroidManifest.xml:93:13-96:29
176                <action android:name="android.intent.action.DEVICE_STORAGE_LOW" />
176-->[androidx.work:work-runtime:2.3.4] AndroidManifest.xml:94:17-83
176-->[androidx.work:work-runtime:2.3.4] AndroidManifest.xml:94:25-80
177                <action android:name="android.intent.action.DEVICE_STORAGE_OK" />
177-->[androidx.work:work-runtime:2.3.4] AndroidManifest.xml:95:17-82
177-->[androidx.work:work-runtime:2.3.4] AndroidManifest.xml:95:25-79
178            </intent-filter>
179        </receiver>
180        <receiver
180-->[androidx.work:work-runtime:2.3.4] AndroidManifest.xml:98:9-107:20
181            android:name="androidx.work.impl.background.systemalarm.ConstraintProxy$NetworkStateProxy"
181-->[androidx.work:work-runtime:2.3.4] AndroidManifest.xml:99:13-103
182            android:directBootAware="false"
182-->[androidx.work:work-runtime:2.3.4] AndroidManifest.xml:100:13-44
183            android:enabled="false"
183-->[androidx.work:work-runtime:2.3.4] AndroidManifest.xml:101:13-36
184            android:exported="false" >
184-->[androidx.work:work-runtime:2.3.4] AndroidManifest.xml:102:13-37
185            <intent-filter>
185-->[androidx.work:work-runtime:2.3.4] AndroidManifest.xml:104:13-106:29
186                <action android:name="android.net.conn.CONNECTIVITY_CHANGE" />
186-->[androidx.work:work-runtime:2.3.4] AndroidManifest.xml:105:17-79
186-->[androidx.work:work-runtime:2.3.4] AndroidManifest.xml:105:25-76
187            </intent-filter>
188        </receiver>
189        <receiver
189-->[androidx.work:work-runtime:2.3.4] AndroidManifest.xml:108:9-119:20
190            android:name="androidx.work.impl.background.systemalarm.RescheduleReceiver"
190-->[androidx.work:work-runtime:2.3.4] AndroidManifest.xml:109:13-88
191            android:directBootAware="false"
191-->[androidx.work:work-runtime:2.3.4] AndroidManifest.xml:110:13-44
192            android:enabled="false"
192-->[androidx.work:work-runtime:2.3.4] AndroidManifest.xml:111:13-36
193            android:exported="false" >
193-->[androidx.work:work-runtime:2.3.4] AndroidManifest.xml:112:13-37
194            <intent-filter>
194-->[androidx.work:work-runtime:2.3.4] AndroidManifest.xml:114:13-118:29
195                <action android:name="android.intent.action.BOOT_COMPLETED" />
195-->[androidx.work:work-runtime:2.3.4] AndroidManifest.xml:115:17-79
195-->[androidx.work:work-runtime:2.3.4] AndroidManifest.xml:115:25-76
196                <action android:name="android.intent.action.TIME_SET" />
196-->[androidx.work:work-runtime:2.3.4] AndroidManifest.xml:116:17-73
196-->[androidx.work:work-runtime:2.3.4] AndroidManifest.xml:116:25-70
197                <action android:name="android.intent.action.TIMEZONE_CHANGED" />
197-->[androidx.work:work-runtime:2.3.4] AndroidManifest.xml:117:17-81
197-->[androidx.work:work-runtime:2.3.4] AndroidManifest.xml:117:25-78
198            </intent-filter>
199        </receiver>
200        <receiver
200-->[androidx.work:work-runtime:2.3.4] AndroidManifest.xml:120:9-129:20
201            android:name="androidx.work.impl.background.systemalarm.ConstraintProxyUpdateReceiver"
201-->[androidx.work:work-runtime:2.3.4] AndroidManifest.xml:121:13-99
202            android:directBootAware="false"
202-->[androidx.work:work-runtime:2.3.4] AndroidManifest.xml:122:13-44
203            android:enabled="@bool/enable_system_alarm_service_default"
203-->[androidx.work:work-runtime:2.3.4] AndroidManifest.xml:123:13-72
204            android:exported="false" >
204-->[androidx.work:work-runtime:2.3.4] AndroidManifest.xml:124:13-37
205            <intent-filter>
205-->[androidx.work:work-runtime:2.3.4] AndroidManifest.xml:126:13-128:29
206                <action android:name="androidx.work.impl.background.systemalarm.UpdateProxies" />
206-->[androidx.work:work-runtime:2.3.4] AndroidManifest.xml:127:17-98
206-->[androidx.work:work-runtime:2.3.4] AndroidManifest.xml:127:25-95
207            </intent-filter>
208        </receiver>
209
210        <service
210-->[androidx.room:room-runtime:2.2.3] AndroidManifest.xml:25:9-27:40
211            android:name="androidx.room.MultiInstanceInvalidationService"
211-->[androidx.room:room-runtime:2.2.3] AndroidManifest.xml:26:13-74
212            android:exported="false" />
212-->[androidx.room:room-runtime:2.2.3] AndroidManifest.xml:27:13-37
213    </application>
214
215</manifest>